# JRE version: OpenJDK Runtime Environment (11.0.7+9) (build 11.0.7-ea+9-post-Debian-1)
# Java VM: OpenJDK 64-Bit Server VM (11.0.7-ea+9-post-Debian-1, mixed mode, sharing, tiered, compressed oops, g1 gc, linux-amd64)
Heap:
 garbage-first heap   total 95232K, used 57759K [0x00000000c2e00000, 0x0000000100000000)
  region size 1024K, 12 young (12288K), 1 survivors (1024K)
 Metaspace       used 69220K, capacity 71097K, committed 71760K, reserved 1112064K
  class space    used 8983K, capacity 9728K, committed 9984K, reserved 1048576K
GC Heap History (20 events):
Event: 1903.584 GC heap before
{Heap before GC invocations=31 (full 0):
 garbage-first heap   total 95232K, used 69877K [0x00000000c2e00000, 0x0000000100000000)
  region size 1024K, 31 young (31744K), 3 survivors (3072K)
 Metaspace       used 69269K, capacity 71335K, committed 71504K, reserved 1112064K
  class space    used 9058K, capacity 9876K, committed 9984K, reserved 1048576K
}
Event: 1903.631 GC heap after
{Heap after GC invocations=32 (full 0):
 garbage-first heap   total 95232K, used 45446K [0x00000000c2e00000, 0x0000000100000000)
  region size 1024K, 4 young (4096K), 4 survivors (4096K)
 Metaspace       used 69269K, capacity 71335K, committed 71504K, reserved 1112064K
  class space    used 9058K, capacity 9876K, committed 9984K, reserved 1048576K
}
Event: 3152.051 GC heap before
{Heap before GC invocations=32 (full 0):
 garbage-first heap   total 95232K, used 73094K [0x00000000c2e00000, 0x0000000100000000)
  region size 1024K, 31 young (31744K), 4 survivors (4096K)
 Metaspace       used 69289K, capacity 71335K, committed 71504K, reserved 1112064K
  class space    used 9058K, capacity 9876K, committed 9984K, reserved 1048576K
}
Event: 3152.112 GC heap after
{Heap after GC invocations=33 (full 0):
 garbage-first heap   total 95232K, used 45837K [0x00000000c2e00000, 0x0000000100000000)
  region size 1024K, 1 young (1024K), 1 survivors (1024K)
 Metaspace       used 69289K, capacity 71335K, committed 71504K, reserved 1112064K
  class space    used 9058K, capacity 9876K, committed 9984K, reserved 1048576K
}
Event: 3853.141 GC heap before
{Heap before GC invocations=34 (full 0):
 garbage-first heap   total 95232K, used 72461K [0x00000000c2e00000, 0x0000000100000000)
  region size 1024K, 28 young (28672K), 1 survivors (1024K)
 Metaspace       used 69130K, capacity 71037K, committed 71760K, reserved 1112064K
  class space    used 8986K, capacity 9738K, committed 9984K, reserved 1048576K
}
Event: 3853.149 GC heap after
{Heap after GC invocations=35 (full 0):
 garbage-first heap   total 95232K, used 48998K [0x00000000c2e00000, 0x0000000100000000)
  region size 1024K, 4 young (4096K), 4 survivors (4096K)
 Metaspace       used 69130K, capacity 71037K, committed 71760K, reserved 1112064K
  class space    used 8986K, capacity 9738K, committed 9984K, reserved 1048576K
}
Event: 3897.212 GC heap before
{Heap before GC invocations=35 (full 0):
 garbage-first heap   total 95232K, used 50022K [0x00000000c2e00000, 0x0000000100000000)
  region size 1024K, 5 young (5120K), 4 survivors (4096K)
 Metaspace       used 69143K, capacity 71101K, committed 71760K, reserved 1112064K
  class space    used 8986K, capacity 9738K, committed 9984K, reserved 1048576K
}
Event: 3897.249 GC heap after
{Heap after GC invocations=36 (full 0):
 garbage-first heap   total 95232K, used 45152K [0x00000000c2e00000, 0x0000000100000000)
  region size 1024K, 1 young (1024K), 1 survivors (1024K)
 Metaspace       used 69143K, capacity 71101K, committed 71760K, reserved 1112064K
  class space    used 8986K, capacity 9738K, committed 9984K, reserved 1048576K
}
Event: 5142.687 GC heap before
{Heap before GC invocations=36 (full 0):
 garbage-first heap   total 95232K, used 72800K [0x00000000c2e00000, 0x0000000100000000)
  region size 1024K, 28 young (28672K), 1 survivors (1024K)
 Metaspace       used 69145K, capacity 71101K, committed 71760K, reserved 1112064K
  class space    used 8986K, capacity 9738K, committed 9984K, reserved 1048576K
}
Event: 5142.818 GC heap after
{Heap after GC invocations=37 (full 0):
 garbage-first heap   total 95232K, used 45131K [0x00000000c2e00000, 0x0000000100000000)
  region size 1024K, 1 young (1024K), 1 survivors (1024K)
 Metaspace       used 69145K, capacity 71101K, committed 71760K, reserved 1112064K
  class space    used 8986K, capacity 9738K, committed 9984K, reserved 1048576K
}
Event: 5880.868 GC heap before
{Heap before GC invocations=38 (full 0):
 garbage-first heap   total 95232K, used 72779K [0x00000000c2e00000, 0x0000000100000000)
  region size 1024K, 29 young (29696K), 1 survivors (1024K)
 Metaspace       used 69137K, capacity 71023K, committed 71760K, reserved 1112064K
  class space    used 8979K, capacity 9725K, committed 9984K, reserved 1048576K
}
Event: 5880.934 GC heap after
{Heap after GC invocations=39 (full 0):
 garbage-first heap   total 95232K, used 48249K [0x00000000c2e00000, 0x0000000100000000)
  region size 1024K, 4 young (4096K), 4 survivors (4096K)
 Metaspace       used 69137K, capacity 71023K, committed 71760K, reserved 1112064K
  class space    used 8979K, capacity 9725K, committed 9984K, reserved 1048576K
}
Event: 5924.510 GC heap before
{Heap before GC invocations=39 (full 0):
 garbage-first heap   total 95232K, used 49273K [0x00000000c2e00000, 0x0000000100000000)
  region size 1024K, 5 young (5120K), 4 survivors (4096K)
 Metaspace       used 69137K, capacity 71023K, committed 71760K, reserved 1112064K
  class space    used 8979K, capacity 9725K, committed 9984K, reserved 1048576K
}
Event: 5924.564 GC heap after
{Heap after GC invocations=40 (full 0):
 garbage-first heap   total 95232K, used 47176K [0x00000000c2e00000, 0x0000000100000000)
  region size 1024K, 1 young (1024K), 1 survivors (1024K)
 Metaspace       used 69137K, capacity 71023K, committed 71760K, reserved 1112064K
  class space    used 8979K, capacity 9725K, committed 9984K, reserved 1048576K
}
Event: 7075.195 GC heap before
{Heap before GC invocations=40 (full 0):
 garbage-first heap   total 95232K, used 73800K [0x00000000c2e00000, 0x0000000100000000)
  region size 1024K, 27 young (27648K), 1 survivors (1024K)
 Metaspace       used 69140K, capacity 71023K, committed 71760K, reserved 1112064K
  class space    used 8979K, capacity 9725K, committed 9984K, reserved 1048576K
}
Event: 7075.314 GC heap after
{Heap after GC invocations=41 (full 0):
 garbage-first heap   total 95232K, used 47449K [0x00000000c2e00000, 0x0000000100000000)
  region size 1024K, 1 young (1024K), 1 survivors (1024K)
 Metaspace       used 69140K, capacity 71023K, committed 71760K, reserved 1112064K
  class space    used 8979K, capacity 9725K, committed 9984K, reserved 1048576K
}
Event: 7823.811 GC heap before
{Heap before GC invocations=42 (full 0):
 garbage-first heap   total 95232K, used 74073K [0x00000000c2e00000, 0x0000000100000000)
  region size 1024K, 28 young (28672K), 1 survivors (1024K)
 Metaspace       used 69201K, capacity 71088K, committed 71760K, reserved 1112064K
  class space    used 8979K, capacity 9725K, committed 9984K, reserved 1048576K
}
Event: 7823.943 GC heap after
{Heap after GC invocations=43 (full 0):
 garbage-first heap   total 95232K, used 50397K [0x00000000c2e00000, 0x0000000100000000)
  region size 1024K, 4 young (4096K), 4 survivors (4096K)
 Metaspace       used 69201K, capacity 71088K, committed 71760K, reserved 1112064K
  class space    used 8979K, capacity 9725K, committed 9984K, reserved 1048576K
}
Event: 7868.396 GC heap before
{Heap before GC invocations=43 (full 0):
 garbage-first heap   total 95232K, used 51421K [0x00000000c2e00000, 0x0000000100000000)
  region size 1024K, 5 young (5120K), 4 survivors (4096K)
 Metaspace       used 69201K, capacity 71088K, committed 71760K, reserved 1112064K
  class space    used 8979K, capacity 9725K, committed 9984K, reserved 1048576K
}
Event: 7868.470 GC heap after
{Heap after GC invocations=44 (full 0):
 garbage-first heap   total 95232K, used 47519K [0x00000000c2e00000, 0x0000000100000000)
  region size 1024K, 1 young (1024K), 1 survivors (1024K)
 Metaspace       used 69201K, capacity 71088K, committed 71760K, reserved 1112064K
  class space    used 8979K, capacity 9725K, committed 9984K, reserved 1048576K
}

